[debug] [2026-06-19T07:39:23.629Z] ----------------------------------------------------------------------
[debug] [2026-06-19T07:39:23.633Z] Command:       C:\Program Files\nodejs\node.exe C:\Users\YASHWANTH G R\AppData\Local\npm-cache\_npx\7750544ccf494d8b\node_modules\firebase-tools\lib\bin\firebase.js deploy
[debug] [2026-06-19T07:39:23.634Z] CLI Version:   15.22.0
[debug] [2026-06-19T07:39:23.634Z] Platform:      win32
[debug] [2026-06-19T07:39:23.634Z] Node Version:  v24.14.0
[debug] [2026-06-19T07:39:23.635Z] Detected Agent: antigravity
[debug] [2026-06-19T07:39:23.635Z] Time:          Fri Jun 19 2026 13:09:23 GMT+0530 (India Standard Time)
[debug] [2026-06-19T07:39:23.635Z] ----------------------------------------------------------------------
[debug] 
[debug] [2026-06-19T07:39:26.319Z] > command requires scopes: ["email","openid","https://www.googleapis.com/auth/cloudplatformprojects.readonly","https://www.googleapis.com/auth/firebase","https://www.googleapis.com/auth/cloud-platform"]
[debug] [2026-06-19T07:39:26.320Z] > authorizing via signed-in user (yashharsha51@gmail.com)
[debug] [2026-06-19T07:39:26.320Z] [iam] checking project ecosync-626a6 for permissions ["firebase.projects.get","firebasehosting.sites.update"]
[debug] [2026-06-19T07:39:26.322Z] Checked if tokens are valid: true, expires at: 1781858291632
[debug] [2026-06-19T07:39:26.322Z] Checked if tokens are valid: true, expires at: 1781858291632
[debug] [2026-06-19T07:39:26.323Z] >>> [apiv2][query] POST https://cloudresourcemanager.googleapis.com/v1/projects/ecosync-626a6:testIamPermissions [none]
[debug] [2026-06-19T07:39:26.323Z] >>> [apiv2][(partial)header] POST https://cloudresourcemanager.googleapis.com/v1/projects/ecosync-626a6:testIamPermissions  x-goog-user-project=ecosync-626a6
[debug] [2026-06-19T07:39:26.323Z] >>> [apiv2][body] POST https://cloudresourcemanager.googleapis.com/v1/projects/ecosync-626a6:testIamPermissions {"permissions":["firebase.projects.get","firebasehosting.sites.update"]}
[debug] [2026-06-19T07:39:27.738Z] <<< [apiv2][status] POST https://cloudresourcemanager.googleapis.com/v1/projects/ecosync-626a6:testIamPermissions 200
[debug] [2026-06-19T07:39:27.738Z] <<< [apiv2][body] POST https://cloudresourcemanager.googleapis.com/v1/projects/ecosync-626a6:testIamPermissions {"permissions":["firebase.projects.get","firebasehosting.sites.update"]}
[debug] [2026-06-19T07:39:27.739Z] Checked if tokens are valid: true, expires at: 1781858291632
[debug] [2026-06-19T07:39:27.739Z] Checked if tokens are valid: true, expires at: 1781858291632
[debug] [2026-06-19T07:39:27.739Z] >>> [apiv2][query] GET https://firebase.googleapis.com/v1beta1/projects/ecosync-626a6 [none]
[debug] [2026-06-19T07:39:28.182Z] <<< [apiv2][status] GET https://firebase.googleapis.com/v1beta1/projects/ecosync-626a6 200
[debug] [2026-06-19T07:39:28.182Z] <<< [apiv2][body] GET https://firebase.googleapis.com/v1beta1/projects/ecosync-626a6 {"projectId":"ecosync-626a6","projectNumber":"944392581366","displayName":"EcoSync","name":"projects/ecosync-626a6","resources":{"hostingSite":"ecosync-626a6"},"state":"ACTIVE","etag":"1_2f071750-b220-48b7-af9e-d45c8bc1e29e"}
[debug] [2026-06-19T07:39:38.744Z] defaultcredentials: writing to file C:\Users\YASHWANTH G R\AppData\Roaming\firebase\yashharsha51_gmail_com_application_default_credentials.json
[debug] [2026-06-19T07:39:38.748Z] Checked if tokens are valid: true, expires at: 1781858291632
[debug] [2026-06-19T07:39:38.749Z] Checked if tokens are valid: true, expires at: 1781858291632
[debug] [2026-06-19T07:39:38.749Z] >>> [apiv2][query] GET https://firebasehosting.googleapis.com/v1beta1/projects/ecosync-626a6/sites pageToken=&pageSize=10
[debug] [2026-06-19T07:39:39.910Z] <<< [apiv2][status] GET https://firebasehosting.googleapis.com/v1beta1/projects/ecosync-626a6/sites 200
[debug] [2026-06-19T07:39:39.910Z] <<< [apiv2][body] GET https://firebasehosting.googleapis.com/v1beta1/projects/ecosync-626a6/sites {"sites":[{"name":"projects/ecosync-626a6/sites/ecosync-626a6","defaultUrl":"https://ecosync-626a6.web.app","type":"DEFAULT_SITE"}]}
[debug] [2026-06-19T07:39:39.911Z] Checked if tokens are valid: true, expires at: 1781858291632
[debug] [2026-06-19T07:39:39.911Z] Checked if tokens are valid: true, expires at: 1781858291632
[debug] [2026-06-19T07:39:39.911Z] >>> [apiv2][query] GET https://firebasehosting.googleapis.com/v1beta1/projects/ecosync-626a6/sites 
[debug] [2026-06-19T07:39:40.576Z] <<< [apiv2][status] GET https://firebasehosting.googleapis.com/v1beta1/projects/ecosync-626a6/sites 200
[debug] [2026-06-19T07:39:40.577Z] <<< [apiv2][body] GET https://firebasehosting.googleapis.com/v1beta1/projects/ecosync-626a6/sites {"sites":[{"name":"projects/ecosync-626a6/sites/ecosync-626a6","defaultUrl":"https://ecosync-626a6.web.app","type":"DEFAULT_SITE"}]}
[debug] [2026-06-19T07:39:40.577Z] Checked if tokens are valid: true, expires at: 1781858291632
[debug] [2026-06-19T07:39:40.577Z] Checked if tokens are valid: true, expires at: 1781858291632
[debug] [2026-06-19T07:39:40.577Z] >>> [apiv2][query] GET https://firebase.googleapis.com/v1beta1/projects/ecosync-626a6/webApps/-/config [none]
[debug] [2026-06-19T07:39:41.590Z] <<< [apiv2][status] GET https://firebase.googleapis.com/v1beta1/projects/ecosync-626a6/webApps/-/config 200
[debug] [2026-06-19T07:39:41.590Z] <<< [apiv2][body] GET https://firebase.googleapis.com/v1beta1/projects/ecosync-626a6/webApps/-/config {"projectId":"ecosync-626a6","appId":"1:944392581366:web:d9060a1aa50c4d47f5fcd7","storageBucket":"ecosync-626a6.firebasestorage.app","apiKey":"AIzaSyAPKLMcHuPxUsG6OeWMop8aCPiOuPxpCSQ","authDomain":"ecosync-626a6.firebaseapp.com","messagingSenderId":"944392581366","measurementId":"G-2288JQNB8T","projectNumber":"944392581366","version":"2"}
[info] 
   Thank you for trying our early preview of Next.js support on Firebase Hosting.
   During the preview, support is best-effort and breaking changes can be expected. Proceed with caution.

   Documentation: https://firebase.google.com/docs/hosting/frameworks/nextjs
   File a bug: https://github.com/firebase/firebase-tools/issues/new?template=bug_report.md
   Submit a feature request: https://github.com/firebase/firebase-tools/issues/new?template=feature_request.md

   We'd love to learn from you. Express your interest in helping us shape the future of Firebase Hosting: https://goo.gle/41enW5X

[debug] [2026-06-19T07:40:03.874Z] Checked if tokens are valid: true, expires at: 1781858291632
[debug] [2026-06-19T07:40:03.874Z] Checked if tokens are valid: true, expires at: 1781858291632
[debug] [2026-06-19T07:40:03.874Z] >>> [apiv2][query] GET https://firebasehosting.googleapis.com/v1beta1/projects/ecosync-626a6/sites/ecosync-626a6 [none]
[debug] [2026-06-19T07:40:04.835Z] <<< [apiv2][status] GET https://firebasehosting.googleapis.com/v1beta1/projects/ecosync-626a6/sites/ecosync-626a6 200
[debug] [2026-06-19T07:40:04.835Z] <<< [apiv2][body] GET https://firebasehosting.googleapis.com/v1beta1/projects/ecosync-626a6/sites/ecosync-626a6 {"name":"projects/ecosync-626a6/sites/ecosync-626a6","defaultUrl":"https://ecosync-626a6.web.app","type":"DEFAULT_SITE"}
[info]   ▲ Next.js 14.2.3

[info]   - Environments: .env.local


[info]    Linting and checking validity of types ...

[info] Failed to compile.


[info] ./lib/firebaseAdmin.ts:4:12
Type error: Property 'apps' does not exist on type 'typeof import("D:/FA/EcoSync/node_modules/firebase-admin/lib/index")'.

  2 |
  3 | // Initialize Firebase Admin App if it hasn't been initialized
> 4 | if (!admin.apps.length) {
    |            ^
  5 |   admin.initializeApp({
  6 |     // We use default credentials in production, or if no service account is provided, 
  7 |     // we initialize an empty app to just verify ID tokens (which requires only projectId)

[debug] [2026-06-19T07:40:15.418Z] Error: ENOENT: no such file or directory, open 'D:\FA\EcoSync\.next\export-marker.json'
[error] 
[error] Error: An unexpected error has occurred.
[debug] [2026-06-19T07:40:47.203Z] ----------------------------------------------------------------------
[debug] [2026-06-19T07:40:47.207Z] Command:       C:\Program Files\nodejs\node.exe C:\Users\YASHWANTH G R\AppData\Local\npm-cache\_npx\7750544ccf494d8b\node_modules\firebase-tools\lib\bin\firebase.js deploy
[debug] [2026-06-19T07:40:47.207Z] CLI Version:   15.22.0
[debug] [2026-06-19T07:40:47.207Z] Platform:      win32
[debug] [2026-06-19T07:40:47.208Z] Node Version:  v24.14.0
[debug] [2026-06-19T07:40:47.208Z] Detected Agent: antigravity
[debug] [2026-06-19T07:40:47.208Z] Time:          Fri Jun 19 2026 13:10:47 GMT+0530 (India Standard Time)
[debug] [2026-06-19T07:40:47.208Z] ----------------------------------------------------------------------
[debug] 
[debug] [2026-06-19T07:40:49.782Z] > command requires scopes: ["email","openid","https://www.googleapis.com/auth/cloudplatformprojects.readonly","https://www.googleapis.com/auth/firebase","https://www.googleapis.com/auth/cloud-platform"]
[debug] [2026-06-19T07:40:49.783Z] > authorizing via signed-in user (yashharsha51@gmail.com)
[debug] [2026-06-19T07:40:49.783Z] [iam] checking project ecosync-626a6 for permissions ["firebase.projects.get","firebasehosting.sites.update"]
[debug] [2026-06-19T07:40:49.784Z] Checked if tokens are valid: true, expires at: 1781858291632
[debug] [2026-06-19T07:40:49.784Z] Checked if tokens are valid: true, expires at: 1781858291632
[debug] [2026-06-19T07:40:49.785Z] >>> [apiv2][query] POST https://cloudresourcemanager.googleapis.com/v1/projects/ecosync-626a6:testIamPermissions [none]
[debug] [2026-06-19T07:40:49.786Z] >>> [apiv2][(partial)header] POST https://cloudresourcemanager.googleapis.com/v1/projects/ecosync-626a6:testIamPermissions  x-goog-user-project=ecosync-626a6
[debug] [2026-06-19T07:40:49.786Z] >>> [apiv2][body] POST https://cloudresourcemanager.googleapis.com/v1/projects/ecosync-626a6:testIamPermissions {"permissions":["firebase.projects.get","firebasehosting.sites.update"]}
[debug] [2026-06-19T07:40:51.204Z] <<< [apiv2][status] POST https://cloudresourcemanager.googleapis.com/v1/projects/ecosync-626a6:testIamPermissions 200
[debug] [2026-06-19T07:40:51.205Z] <<< [apiv2][body] POST https://cloudresourcemanager.googleapis.com/v1/projects/ecosync-626a6:testIamPermissions {"permissions":["firebase.projects.get","firebasehosting.sites.update"]}
[debug] [2026-06-19T07:40:51.206Z] Checked if tokens are valid: true, expires at: 1781858291632
[debug] [2026-06-19T07:40:51.206Z] Checked if tokens are valid: true, expires at: 1781858291632
[debug] [2026-06-19T07:40:51.206Z] >>> [apiv2][query] GET https://firebase.googleapis.com/v1beta1/projects/ecosync-626a6 [none]
[debug] [2026-06-19T07:40:51.714Z] <<< [apiv2][status] GET https://firebase.googleapis.com/v1beta1/projects/ecosync-626a6 200
[debug] [2026-06-19T07:40:51.714Z] <<< [apiv2][body] GET https://firebase.googleapis.com/v1beta1/projects/ecosync-626a6 {"projectId":"ecosync-626a6","projectNumber":"944392581366","displayName":"EcoSync","name":"projects/ecosync-626a6","resources":{"hostingSite":"ecosync-626a6"},"state":"ACTIVE","etag":"1_2f071750-b220-48b7-af9e-d45c8bc1e29e"}
[debug] [2026-06-19T07:41:02.047Z] defaultcredentials: writing to file C:\Users\YASHWANTH G R\AppData\Roaming\firebase\yashharsha51_gmail_com_application_default_credentials.json
[debug] [2026-06-19T07:41:02.050Z] Checked if tokens are valid: true, expires at: 1781858291632
[debug] [2026-06-19T07:41:02.050Z] Checked if tokens are valid: true, expires at: 1781858291632
[debug] [2026-06-19T07:41:02.050Z] >>> [apiv2][query] GET https://firebasehosting.googleapis.com/v1beta1/projects/ecosync-626a6/sites pageToken=&pageSize=10
[debug] [2026-06-19T07:41:03.137Z] <<< [apiv2][status] GET https://firebasehosting.googleapis.com/v1beta1/projects/ecosync-626a6/sites 200
[debug] [2026-06-19T07:41:03.137Z] <<< [apiv2][body] GET https://firebasehosting.googleapis.com/v1beta1/projects/ecosync-626a6/sites {"sites":[{"name":"projects/ecosync-626a6/sites/ecosync-626a6","defaultUrl":"https://ecosync-626a6.web.app","type":"DEFAULT_SITE"}]}
[debug] [2026-06-19T07:41:03.138Z] Checked if tokens are valid: true, expires at: 1781858291632
[debug] [2026-06-19T07:41:03.138Z] Checked if tokens are valid: true, expires at: 1781858291632
[debug] [2026-06-19T07:41:03.138Z] >>> [apiv2][query] GET https://firebasehosting.googleapis.com/v1beta1/projects/ecosync-626a6/sites 
[debug] [2026-06-19T07:41:03.819Z] <<< [apiv2][status] GET https://firebasehosting.googleapis.com/v1beta1/projects/ecosync-626a6/sites 200
[debug] [2026-06-19T07:41:03.819Z] <<< [apiv2][body] GET https://firebasehosting.googleapis.com/v1beta1/projects/ecosync-626a6/sites {"sites":[{"name":"projects/ecosync-626a6/sites/ecosync-626a6","defaultUrl":"https://ecosync-626a6.web.app","type":"DEFAULT_SITE"}]}
[debug] [2026-06-19T07:41:03.819Z] Checked if tokens are valid: true, expires at: 1781858291632
[debug] [2026-06-19T07:41:03.819Z] Checked if tokens are valid: true, expires at: 1781858291632
[debug] [2026-06-19T07:41:03.819Z] >>> [apiv2][query] GET https://firebase.googleapis.com/v1beta1/projects/ecosync-626a6/webApps/-/config [none]
[debug] [2026-06-19T07:41:04.727Z] <<< [apiv2][status] GET https://firebase.googleapis.com/v1beta1/projects/ecosync-626a6/webApps/-/config 200
[debug] [2026-06-19T07:41:04.727Z] <<< [apiv2][body] GET https://firebase.googleapis.com/v1beta1/projects/ecosync-626a6/webApps/-/config {"projectId":"ecosync-626a6","appId":"1:944392581366:web:d9060a1aa50c4d47f5fcd7","storageBucket":"ecosync-626a6.firebasestorage.app","apiKey":"AIzaSyAPKLMcHuPxUsG6OeWMop8aCPiOuPxpCSQ","authDomain":"ecosync-626a6.firebaseapp.com","messagingSenderId":"944392581366","measurementId":"G-2288JQNB8T","projectNumber":"944392581366","version":"2"}
[info] 
   Thank you for trying our early preview of Next.js support on Firebase Hosting.
   During the preview, support is best-effort and breaking changes can be expected. Proceed with caution.

   Documentation: https://firebase.google.com/docs/hosting/frameworks/nextjs
   File a bug: https://github.com/firebase/firebase-tools/issues/new?template=bug_report.md
   Submit a feature request: https://github.com/firebase/firebase-tools/issues/new?template=feature_request.md

   We'd love to learn from you. Express your interest in helping us shape the future of Firebase Hosting: https://goo.gle/41enW5X

[debug] [2026-06-19T07:41:26.430Z] Checked if tokens are valid: true, expires at: 1781858291632
[debug] [2026-06-19T07:41:26.430Z] Checked if tokens are valid: true, expires at: 1781858291632
[debug] [2026-06-19T07:41:26.430Z] >>> [apiv2][query] GET https://firebasehosting.googleapis.com/v1beta1/projects/ecosync-626a6/sites/ecosync-626a6 [none]
[debug] [2026-06-19T07:41:27.515Z] <<< [apiv2][status] GET https://firebasehosting.googleapis.com/v1beta1/projects/ecosync-626a6/sites/ecosync-626a6 200
[debug] [2026-06-19T07:41:27.515Z] <<< [apiv2][body] GET https://firebasehosting.googleapis.com/v1beta1/projects/ecosync-626a6/sites/ecosync-626a6 {"name":"projects/ecosync-626a6/sites/ecosync-626a6","defaultUrl":"https://ecosync-626a6.web.app","type":"DEFAULT_SITE"}
[info]   ▲ Next.js 14.2.3

[info]   - Environments: .env.local

   Linting and checking validity of types ...

[info] Failed to compile.


[info] ./views/DashboardView.tsx:13:20
Type error: Type 'EcoSyncResponse | null' is not assignable to type 'EcoSyncResponse'.
  Type 'null' is not assignable to type 'EcoSyncResponse'.

  11 |   return (
  12 |     <div className="w-full h-full relative">
> 13 |       <DashboardUI data={data} isLoading={isLoading} onRefresh={onRefresh} />
     |                    ^
  14 |     </div>
  15 |   );
  16 | };

[debug] [2026-06-19T07:41:38.383Z] Error: ENOENT: no such file or directory, open 'D:\FA\EcoSync\.next\export-marker.json'
[error] 
[error] Error: An unexpected error has occurred.
